
2017-05-31 23:33:35,213 ERROR c.e.t.k.q.u.InputDataReader [main] IO Exception
java.nio.file.NoSuchFileException: ImNotExist
	at sun.nio.fs.WindowsException.translateToIOException(WindowsException.java:79) ~[?:1.8.0_121]
	at sun.nio.fs.WindowsException.rethrowAsIOException(WindowsException.java:97) ~[?:1.8.0_121]
	at sun.nio.fs.WindowsException.rethrowAsIOException(WindowsException.java:102) ~[?:1.8.0_121]
	at sun.nio.fs.WindowsFileSystemProvider.newByteChannel(WindowsFileSystemProvider.java:230) ~[?:1.8.0_121]
	at java.nio.file.Files.newByteChannel(Files.java:361) ~[?:1.8.0_121]
	at java.nio.file.Files.newByteChannel(Files.java:407) ~[?:1.8.0_121]
	at java.nio.file.spi.FileSystemProvider.newInputStream(FileSystemProvider.java:384) ~[?:1.8.0_121]
	at java.nio.file.Files.newInputStream(Files.java:152) ~[?:1.8.0_121]
	at java.nio.file.Files.newBufferedReader(Files.java:2784) ~[?:1.8.0_121]
	at java.nio.file.Files.lines(Files.java:3744) ~[?:1.8.0_121]
	at com.epam.training.klimov.quadrangle.util.InputDataReader.readDataFromFile(InputDataReader.java:21) [classes/:?]
	at com.epam.training.klimov.quadrangle.util.InputDataReaderTest.tryToReadFakeFile(InputDataReaderTest.java:28) [test-classes/:?]
	at sun.reflect.NativeMethodAccessorImpl.invoke0(Native Method) ~[?:1.8.0_121]
	at sun.reflect.NativeMethodAccessorImpl.invoke(NativeMethodAccessorImpl.java:62) ~[?:1.8.0_121]
	at sun.reflect.DelegatingMethodAccessorImpl.invoke(DelegatingMethodAccessorImpl.java:43) ~[?:1.8.0_121]
	at java.lang.reflect.Method.invoke(Method.java:498) ~[?:1.8.0_121]
	at org.junit.runners.model.FrameworkMethod$1.runReflectiveCall(FrameworkMethod.java:50) [junit-4.12.jar:4.12]
	at org.junit.internal.runners.model.ReflectiveCallable.run(ReflectiveCallable.java:12) [junit-4.12.jar:4.12]
	at org.junit.runners.model.FrameworkMethod.invokeExplosively(FrameworkMethod.java:47) [junit-4.12.jar:4.12]
	at org.junit.internal.runners.statements.InvokeMethod.evaluate(InvokeMethod.java:17) [junit-4.12.jar:4.12]
	at org.junit.internal.runners.statements.ExpectException.evaluate(ExpectException.java:19) [junit-4.12.jar:4.12]
	at org.junit.runners.ParentRunner.runLeaf(ParentRunner.java:325) [junit-4.12.jar:4.12]
	at org.junit.runners.BlockJUnit4ClassRunner.runChild(BlockJUnit4ClassRunner.java:78) [junit-4.12.jar:4.12]
	at org.junit.runners.BlockJUnit4ClassRunner.runChild(BlockJUnit4ClassRunner.java:57) [junit-4.12.jar:4.12]
	at org.junit.runners.ParentRunner$3.run(ParentRunner.java:290) [junit-4.12.jar:4.12]
	at org.junit.runners.ParentRunner$1.schedule(ParentRunner.java:71) [junit-4.12.jar:4.12]
	at org.junit.runners.ParentRunner.runChildren(ParentRunner.java:288) [junit-4.12.jar:4.12]
	at org.junit.runners.ParentRunner.access$000(ParentRunner.java:58) [junit-4.12.jar:4.12]
	at org.junit.runners.ParentRunner$2.evaluate(ParentRunner.java:268) [junit-4.12.jar:4.12]
	at org.junit.runners.ParentRunner.run(ParentRunner.java:363) [junit-4.12.jar:4.12]
	at org.junit.runner.JUnitCore.run(JUnitCore.java:137) [junit-4.12.jar:4.12]
	at com.intellij.junit4.JUnit4IdeaTestRunner.startRunnerWithArgs(JUnit4IdeaTestRunner.java:68) [junit-rt.jar:?]
	at com.intellij.rt.execution.junit.IdeaTestRunner$Repeater.startRunnerWithArgs(IdeaTestRunner.java:51) [junit-rt.jar:?]
	at com.intellij.rt.execution.junit.JUnitStarter.prepareStreamsAndStart(JUnitStarter.java:242) [junit-rt.jar:?]
	at com.intellij.rt.execution.junit.JUnitStarter.main(JUnitStarter.java:70) [junit-rt.jar:?]
2017-05-31 23:33:56,302 ERROR c.e.t.k.q.u.InputDataReader [main] IO Exception
java.nio.file.NoSuchFileException: ImNotExist.txt
	at sun.nio.fs.WindowsException.translateToIOException(WindowsException.java:79) ~[?:1.8.0_121]
	at sun.nio.fs.WindowsException.rethrowAsIOException(WindowsException.java:97) ~[?:1.8.0_121]
	at sun.nio.fs.WindowsException.rethrowAsIOException(WindowsException.java:102) ~[?:1.8.0_121]
	at sun.nio.fs.WindowsFileSystemProvider.newByteChannel(WindowsFileSystemProvider.java:230) ~[?:1.8.0_121]
	at java.nio.file.Files.newByteChannel(Files.java:361) ~[?:1.8.0_121]
	at java.nio.file.Files.newByteChannel(Files.java:407) ~[?:1.8.0_121]
	at java.nio.file.spi.FileSystemProvider.newInputStream(FileSystemProvider.java:384) ~[?:1.8.0_121]
	at java.nio.file.Files.newInputStream(Files.java:152) ~[?:1.8.0_121]
	at java.nio.file.Files.newBufferedReader(Files.java:2784) ~[?:1.8.0_121]
	at java.nio.file.Files.lines(Files.java:3744) ~[?:1.8.0_121]
	at com.epam.training.klimov.quadrangle.util.InputDataReader.readDataFromFile(InputDataReader.java:21) [classes/:?]
	at com.epam.training.klimov.quadrangle.util.InputDataReaderTest.tryToReadFakeFile(InputDataReaderTest.java:28) [test-classes/:?]
	at sun.reflect.NativeMethodAccessorImpl.invoke0(Native Method) ~[?:1.8.0_121]
	at sun.reflect.NativeMethodAccessorImpl.invoke(NativeMethodAccessorImpl.java:62) ~[?:1.8.0_121]
	at sun.reflect.DelegatingMethodAccessorImpl.invoke(DelegatingMethodAccessorImpl.java:43) ~[?:1.8.0_121]
	at java.lang.reflect.Method.invoke(Method.java:498) ~[?:1.8.0_121]
	at org.junit.runners.model.FrameworkMethod$1.runReflectiveCall(FrameworkMethod.java:50) [junit-4.12.jar:4.12]
	at org.junit.internal.runners.model.ReflectiveCallable.run(ReflectiveCallable.java:12) [junit-4.12.jar:4.12]
	at org.junit.runners.model.FrameworkMethod.invokeExplosively(FrameworkMethod.java:47) [junit-4.12.jar:4.12]
	at org.junit.internal.runners.statements.InvokeMethod.evaluate(InvokeMethod.java:17) [junit-4.12.jar:4.12]
	at org.junit.internal.runners.statements.ExpectException.evaluate(ExpectException.java:19) [junit-4.12.jar:4.12]
	at org.junit.runners.ParentRunner.runLeaf(ParentRunner.java:325) [junit-4.12.jar:4.12]
	at org.junit.runners.BlockJUnit4ClassRunner.runChild(BlockJUnit4ClassRunner.java:78) [junit-4.12.jar:4.12]
	at org.junit.runners.BlockJUnit4ClassRunner.runChild(BlockJUnit4ClassRunner.java:57) [junit-4.12.jar:4.12]
	at org.junit.runners.ParentRunner$3.run(ParentRunner.java:290) [junit-4.12.jar:4.12]
	at org.junit.runners.ParentRunner$1.schedule(ParentRunner.java:71) [junit-4.12.jar:4.12]
	at org.junit.runners.ParentRunner.runChildren(ParentRunner.java:288) [junit-4.12.jar:4.12]
	at org.junit.runners.ParentRunner.access$000(ParentRunner.java:58) [junit-4.12.jar:4.12]
	at org.junit.runners.ParentRunner$2.evaluate(ParentRunner.java:268) [junit-4.12.jar:4.12]
	at org.junit.runners.ParentRunner.run(ParentRunner.java:363) [junit-4.12.jar:4.12]
	at org.junit.runner.JUnitCore.run(JUnitCore.java:137) [junit-4.12.jar:4.12]
	at com.intellij.junit4.JUnit4IdeaTestRunner.startRunnerWithArgs(JUnit4IdeaTestRunner.java:68) [junit-rt.jar:?]
	at com.intellij.rt.execution.junit.IdeaTestRunner$Repeater.startRunnerWithArgs(IdeaTestRunner.java:51) [junit-rt.jar:?]
	at com.intellij.rt.execution.junit.JUnitStarter.prepareStreamsAndStart(JUnitStarter.java:242) [junit-rt.jar:?]
	at com.intellij.rt.execution.junit.JUnitStarter.main(JUnitStarter.java:70) [junit-rt.jar:?]
2017-05-31 23:34:09,513 ERROR c.e.t.k.q.u.InputDataReader [main] IO Exception
java.nio.file.NoSuchFileException: ImNotExist.txt
	at sun.nio.fs.WindowsException.translateToIOException(WindowsException.java:79) ~[?:1.8.0_121]
	at sun.nio.fs.WindowsException.rethrowAsIOException(WindowsException.java:97) ~[?:1.8.0_121]
	at sun.nio.fs.WindowsException.rethrowAsIOException(WindowsException.java:102) ~[?:1.8.0_121]
	at sun.nio.fs.WindowsFileSystemProvider.newByteChannel(WindowsFileSystemProvider.java:230) ~[?:1.8.0_121]
	at java.nio.file.Files.newByteChannel(Files.java:361) ~[?:1.8.0_121]
	at java.nio.file.Files.newByteChannel(Files.java:407) ~[?:1.8.0_121]
	at java.nio.file.spi.FileSystemProvider.newInputStream(FileSystemProvider.java:384) ~[?:1.8.0_121]
	at java.nio.file.Files.newInputStream(Files.java:152) ~[?:1.8.0_121]
	at java.nio.file.Files.newBufferedReader(Files.java:2784) ~[?:1.8.0_121]
	at java.nio.file.Files.lines(Files.java:3744) ~[?:1.8.0_121]
	at com.epam.training.klimov.quadrangle.util.InputDataReader.readDataFromFile(InputDataReader.java:21) [classes/:?]
	at com.epam.training.klimov.quadrangle.util.InputDataReaderTest.tryToReadFakeFile(InputDataReaderTest.java:29) [test-classes/:?]
	at sun.reflect.NativeMethodAccessorImpl.invoke0(Native Method) ~[?:1.8.0_121]
	at sun.reflect.NativeMethodAccessorImpl.invoke(NativeMethodAccessorImpl.java:62) ~[?:1.8.0_121]
	at sun.reflect.DelegatingMethodAccessorImpl.invoke(DelegatingMethodAccessorImpl.java:43) ~[?:1.8.0_121]
	at java.lang.reflect.Method.invoke(Method.java:498) ~[?:1.8.0_121]
	at org.junit.runners.model.FrameworkMethod$1.runReflectiveCall(FrameworkMethod.java:50) [junit-4.12.jar:4.12]
	at org.junit.internal.runners.model.ReflectiveCallable.run(ReflectiveCallable.java:12) [junit-4.12.jar:4.12]
	at org.junit.runners.model.FrameworkMethod.invokeExplosively(FrameworkMethod.java:47) [junit-4.12.jar:4.12]
	at org.junit.internal.runners.statements.InvokeMethod.evaluate(InvokeMethod.java:17) [junit-4.12.jar:4.12]
	at org.junit.internal.runners.statements.ExpectException.evaluate(ExpectException.java:19) [junit-4.12.jar:4.12]
	at org.junit.runners.ParentRunner.runLeaf(ParentRunner.java:325) [junit-4.12.jar:4.12]
	at org.junit.runners.BlockJUnit4ClassRunner.runChild(BlockJUnit4ClassRunner.java:78) [junit-4.12.jar:4.12]
	at org.junit.runners.BlockJUnit4ClassRunner.runChild(BlockJUnit4ClassRunner.java:57) [junit-4.12.jar:4.12]
	at org.junit.runners.ParentRunner$3.run(ParentRunner.java:290) [junit-4.12.jar:4.12]
	at org.junit.runners.ParentRunner$1.schedule(ParentRunner.java:71) [junit-4.12.jar:4.12]
	at org.junit.runners.ParentRunner.runChildren(ParentRunner.java:288) [junit-4.12.jar:4.12]
	at org.junit.runners.ParentRunner.access$000(ParentRunner.java:58) [junit-4.12.jar:4.12]
	at org.junit.runners.ParentRunner$2.evaluate(ParentRunner.java:268) [junit-4.12.jar:4.12]
	at org.junit.runners.ParentRunner.run(ParentRunner.java:363) [junit-4.12.jar:4.12]
	at org.junit.runner.JUnitCore.run(JUnitCore.java:137) [junit-4.12.jar:4.12]
	at com.intellij.junit4.JUnit4IdeaTestRunner.startRunnerWithArgs(JUnit4IdeaTestRunner.java:68) [junit-rt.jar:?]
	at com.intellij.rt.execution.junit.IdeaTestRunner$Repeater.startRunnerWithArgs(IdeaTestRunner.java:51) [junit-rt.jar:?]
	at com.intellij.rt.execution.junit.JUnitStarter.prepareStreamsAndStart(JUnitStarter.java:242) [junit-rt.jar:?]
	at com.intellij.rt.execution.junit.JUnitStarter.main(JUnitStarter.java:70) [junit-rt.jar:?]
2017-06-01 10:34:20,257 ERROR c.e.t.k.q.u.InputDataReader [main] IO Exception
java.nio.file.NoSuchFileException: doesn'tExist.txt
	at sun.nio.fs.WindowsException.translateToIOException(WindowsException.java:79) ~[?:1.8.0_121]
	at sun.nio.fs.WindowsException.rethrowAsIOException(WindowsException.java:97) ~[?:1.8.0_121]
	at sun.nio.fs.WindowsException.rethrowAsIOException(WindowsException.java:102) ~[?:1.8.0_121]
	at sun.nio.fs.WindowsFileSystemProvider.newByteChannel(WindowsFileSystemProvider.java:230) ~[?:1.8.0_121]
	at java.nio.file.Files.newByteChannel(Files.java:361) ~[?:1.8.0_121]
	at java.nio.file.Files.newByteChannel(Files.java:407) ~[?:1.8.0_121]
	at java.nio.file.spi.FileSystemProvider.newInputStream(FileSystemProvider.java:384) ~[?:1.8.0_121]
	at java.nio.file.Files.newInputStream(Files.java:152) ~[?:1.8.0_121]
	at java.nio.file.Files.newBufferedReader(Files.java:2784) ~[?:1.8.0_121]
	at java.nio.file.Files.lines(Files.java:3744) ~[?:1.8.0_121]
	at com.epam.training.klimov.quadrangle.util.InputDataReader.readDataFromFile(InputDataReader.java:22) [classes/:?]
	at com.epam.training.klimov.quadrangle.util.InputDataReaderTest.setWrongFilePath(InputDataReaderTest.java:30) [test-classes/:?]
	at sun.reflect.NativeMethodAccessorImpl.invoke0(Native Method) ~[?:1.8.0_121]
	at sun.reflect.NativeMethodAccessorImpl.invoke(NativeMethodAccessorImpl.java:62) ~[?:1.8.0_121]
	at sun.reflect.DelegatingMethodAccessorImpl.invoke(DelegatingMethodAccessorImpl.java:43) ~[?:1.8.0_121]
	at java.lang.reflect.Method.invoke(Method.java:498) ~[?:1.8.0_121]
	at org.junit.runners.model.FrameworkMethod$1.runReflectiveCall(FrameworkMethod.java:50) [junit-4.12.jar:4.12]
	at org.junit.internal.runners.model.ReflectiveCallable.run(ReflectiveCallable.java:12) [junit-4.12.jar:4.12]
	at org.junit.runners.model.FrameworkMethod.invokeExplosively(FrameworkMethod.java:47) [junit-4.12.jar:4.12]
	at org.junit.internal.runners.statements.InvokeMethod.evaluate(InvokeMethod.java:17) [junit-4.12.jar:4.12]
	at org.junit.internal.runners.statements.ExpectException.evaluate(ExpectException.java:19) [junit-4.12.jar:4.12]
	at org.junit.runners.ParentRunner.runLeaf(ParentRunner.java:325) [junit-4.12.jar:4.12]
	at org.junit.runners.BlockJUnit4ClassRunner.runChild(BlockJUnit4ClassRunner.java:78) [junit-4.12.jar:4.12]
	at org.junit.runners.BlockJUnit4ClassRunner.runChild(BlockJUnit4ClassRunner.java:57) [junit-4.12.jar:4.12]
	at org.junit.runners.ParentRunner$3.run(ParentRunner.java:290) [junit-4.12.jar:4.12]
	at org.junit.runners.ParentRunner$1.schedule(ParentRunner.java:71) [junit-4.12.jar:4.12]
	at org.junit.runners.ParentRunner.runChildren(ParentRunner.java:288) [junit-4.12.jar:4.12]
	at org.junit.runners.ParentRunner.access$000(ParentRunner.java:58) [junit-4.12.jar:4.12]
	at org.junit.runners.ParentRunner$2.evaluate(ParentRunner.java:268) [junit-4.12.jar:4.12]
	at org.junit.runners.ParentRunner.run(ParentRunner.java:363) [junit-4.12.jar:4.12]
	at org.junit.runner.JUnitCore.run(JUnitCore.java:137) [junit-4.12.jar:4.12]
	at com.intellij.junit4.JUnit4IdeaTestRunner.startRunnerWithArgs(JUnit4IdeaTestRunner.java:68) [junit-rt.jar:?]
	at com.intellij.rt.execution.junit.IdeaTestRunner$Repeater.startRunnerWithArgs(IdeaTestRunner.java:51) [junit-rt.jar:?]
	at com.intellij.rt.execution.junit.JUnitStarter.prepareStreamsAndStart(JUnitStarter.java:242) [junit-rt.jar:?]
	at com.intellij.rt.execution.junit.JUnitStarter.main(JUnitStarter.java:70) [junit-rt.jar:?]
2017-06-01 10:34:35,733 ERROR c.e.t.k.q.u.InputDataReader [main] IO Exception
java.nio.file.NoSuchFileException: doesn'tExist.txt
	at sun.nio.fs.WindowsException.translateToIOException(WindowsException.java:79) ~[?:1.8.0_121]
	at sun.nio.fs.WindowsException.rethrowAsIOException(WindowsException.java:97) ~[?:1.8.0_121]
	at sun.nio.fs.WindowsException.rethrowAsIOException(WindowsException.java:102) ~[?:1.8.0_121]
	at sun.nio.fs.WindowsFileSystemProvider.newByteChannel(WindowsFileSystemProvider.java:230) ~[?:1.8.0_121]
	at java.nio.file.Files.newByteChannel(Files.java:361) ~[?:1.8.0_121]
	at java.nio.file.Files.newByteChannel(Files.java:407) ~[?:1.8.0_121]
	at java.nio.file.spi.FileSystemProvider.newInputStream(FileSystemProvider.java:384) ~[?:1.8.0_121]
	at java.nio.file.Files.newInputStream(Files.java:152) ~[?:1.8.0_121]
	at java.nio.file.Files.newBufferedReader(Files.java:2784) ~[?:1.8.0_121]
	at java.nio.file.Files.lines(Files.java:3744) ~[?:1.8.0_121]
	at com.epam.training.klimov.quadrangle.util.InputDataReader.readDataFromFile(InputDataReader.java:22) [classes/:?]
	at com.epam.training.klimov.quadrangle.util.InputDataReaderTest.setWrongFilePath(InputDataReaderTest.java:30) [test-classes/:?]
	at sun.reflect.NativeMethodAccessorImpl.invoke0(Native Method) ~[?:1.8.0_121]
	at sun.reflect.NativeMethodAccessorImpl.invoke(NativeMethodAccessorImpl.java:62) ~[?:1.8.0_121]
	at sun.reflect.DelegatingMethodAccessorImpl.invoke(DelegatingMethodAccessorImpl.java:43) ~[?:1.8.0_121]
	at java.lang.reflect.Method.invoke(Method.java:498) ~[?:1.8.0_121]
	at org.junit.runners.model.FrameworkMethod$1.runReflectiveCall(FrameworkMethod.java:50) [junit-4.12.jar:4.12]
	at org.junit.internal.runners.model.ReflectiveCallable.run(ReflectiveCallable.java:12) [junit-4.12.jar:4.12]
	at org.junit.runners.model.FrameworkMethod.invokeExplosively(FrameworkMethod.java:47) [junit-4.12.jar:4.12]
	at org.junit.internal.runners.statements.InvokeMethod.evaluate(InvokeMethod.java:17) [junit-4.12.jar:4.12]
	at org.junit.internal.runners.statements.ExpectException.evaluate(ExpectException.java:19) [junit-4.12.jar:4.12]
	at org.junit.runners.ParentRunner.runLeaf(ParentRunner.java:325) [junit-4.12.jar:4.12]
	at org.junit.runners.BlockJUnit4ClassRunner.runChild(BlockJUnit4ClassRunner.java:78) [junit-4.12.jar:4.12]
	at org.junit.runners.BlockJUnit4ClassRunner.runChild(BlockJUnit4ClassRunner.java:57) [junit-4.12.jar:4.12]
	at org.junit.runners.ParentRunner$3.run(ParentRunner.java:290) [junit-4.12.jar:4.12]
	at org.junit.runners.ParentRunner$1.schedule(ParentRunner.java:71) [junit-4.12.jar:4.12]
	at org.junit.runners.ParentRunner.runChildren(ParentRunner.java:288) [junit-4.12.jar:4.12]
	at org.junit.runners.ParentRunner.access$000(ParentRunner.java:58) [junit-4.12.jar:4.12]
	at org.junit.runners.ParentRunner$2.evaluate(ParentRunner.java:268) [junit-4.12.jar:4.12]
	at org.junit.runners.ParentRunner.run(ParentRunner.java:363) [junit-4.12.jar:4.12]
	at org.junit.runners.Suite.runChild(Suite.java:128) [junit-4.12.jar:4.12]
	at org.junit.runners.Suite.runChild(Suite.java:27) [junit-4.12.jar:4.12]
	at org.junit.runners.ParentRunner$3.run(ParentRunner.java:290) [junit-4.12.jar:4.12]
	at org.junit.runners.ParentRunner$1.schedule(ParentRunner.java:71) [junit-4.12.jar:4.12]
	at org.junit.runners.ParentRunner.runChildren(ParentRunner.java:288) [junit-4.12.jar:4.12]
	at org.junit.runners.ParentRunner.access$000(ParentRunner.java:58) [junit-4.12.jar:4.12]
	at org.junit.runners.ParentRunner$2.evaluate(ParentRunner.java:268) [junit-4.12.jar:4.12]
	at org.junit.runners.ParentRunner.run(ParentRunner.java:363) [junit-4.12.jar:4.12]
	at org.junit.runner.JUnitCore.run(JUnitCore.java:137) [junit-4.12.jar:4.12]
	at com.intellij.junit4.JUnit4IdeaTestRunner.startRunnerWithArgs(JUnit4IdeaTestRunner.java:68) [junit-rt.jar:?]
	at com.intellij.rt.execution.junit.IdeaTestRunner$Repeater.startRunnerWithArgs(IdeaTestRunner.java:51) [junit-rt.jar:?]
	at com.intellij.rt.execution.junit.JUnitStarter.prepareStreamsAndStart(JUnitStarter.java:242) [junit-rt.jar:?]
	at com.intellij.rt.execution.junit.JUnitStarter.main(JUnitStarter.java:70) [junit-rt.jar:?]
2017-06-01 10:35:07,678 ERROR c.e.t.k.q.u.InputDataReader [main] IO Exception
java.nio.file.NoSuchFileException: doesn'tExist.txt
	at sun.nio.fs.WindowsException.translateToIOException(WindowsException.java:79) ~[?:1.8.0_121]
	at sun.nio.fs.WindowsException.rethrowAsIOException(WindowsException.java:97) ~[?:1.8.0_121]
	at sun.nio.fs.WindowsException.rethrowAsIOException(WindowsException.java:102) ~[?:1.8.0_121]
	at sun.nio.fs.WindowsFileSystemProvider.newByteChannel(WindowsFileSystemProvider.java:230) ~[?:1.8.0_121]
	at java.nio.file.Files.newByteChannel(Files.java:361) ~[?:1.8.0_121]
	at java.nio.file.Files.newByteChannel(Files.java:407) ~[?:1.8.0_121]
	at java.nio.file.spi.FileSystemProvider.newInputStream(FileSystemProvider.java:384) ~[?:1.8.0_121]
	at java.nio.file.Files.newInputStream(Files.java:152) ~[?:1.8.0_121]
	at java.nio.file.Files.newBufferedReader(Files.java:2784) ~[?:1.8.0_121]
	at java.nio.file.Files.lines(Files.java:3744) ~[?:1.8.0_121]
	at com.epam.training.klimov.quadrangle.util.InputDataReader.readDataFromFile(InputDataReader.java:22) [classes/:?]
	at com.epam.training.klimov.quadrangle.util.InputDataReaderTest.setWrongFilePath(InputDataReaderTest.java:30) [test-classes/:?]
	at sun.reflect.NativeMethodAccessorImpl.invoke0(Native Method) ~[?:1.8.0_121]
	at sun.reflect.NativeMethodAccessorImpl.invoke(NativeMethodAccessorImpl.java:62) ~[?:1.8.0_121]
	at sun.reflect.DelegatingMethodAccessorImpl.invoke(DelegatingMethodAccessorImpl.java:43) ~[?:1.8.0_121]
	at java.lang.reflect.Method.invoke(Method.java:498) ~[?:1.8.0_121]
	at org.junit.runners.model.FrameworkMethod$1.runReflectiveCall(FrameworkMethod.java:50) [junit-4.12.jar:4.12]
	at org.junit.internal.runners.model.ReflectiveCallable.run(ReflectiveCallable.java:12) [junit-4.12.jar:4.12]
	at org.junit.runners.model.FrameworkMethod.invokeExplosively(FrameworkMethod.java:47) [junit-4.12.jar:4.12]
	at org.junit.internal.runners.statements.InvokeMethod.evaluate(InvokeMethod.java:17) [junit-4.12.jar:4.12]
	at org.junit.internal.runners.statements.ExpectException.evaluate(ExpectException.java:19) [junit-4.12.jar:4.12]
	at org.junit.runners.ParentRunner.runLeaf(ParentRunner.java:325) [junit-4.12.jar:4.12]
	at org.junit.runners.BlockJUnit4ClassRunner.runChild(BlockJUnit4ClassRunner.java:78) [junit-4.12.jar:4.12]
	at org.junit.runners.BlockJUnit4ClassRunner.runChild(BlockJUnit4ClassRunner.java:57) [junit-4.12.jar:4.12]
	at org.junit.runners.ParentRunner$3.run(ParentRunner.java:290) [junit-4.12.jar:4.12]
	at org.junit.runners.ParentRunner$1.schedule(ParentRunner.java:71) [junit-4.12.jar:4.12]
	at org.junit.runners.ParentRunner.runChildren(ParentRunner.java:288) [junit-4.12.jar:4.12]
	at org.junit.runners.ParentRunner.access$000(ParentRunner.java:58) [junit-4.12.jar:4.12]
	at org.junit.runners.ParentRunner$2.evaluate(ParentRunner.java:268) [junit-4.12.jar:4.12]
	at org.junit.runners.ParentRunner.run(ParentRunner.java:363) [junit-4.12.jar:4.12]
	at org.junit.runners.Suite.runChild(Suite.java:128) [junit-4.12.jar:4.12]
	at org.junit.runners.Suite.runChild(Suite.java:27) [junit-4.12.jar:4.12]
	at org.junit.runners.ParentRunner$3.run(ParentRunner.java:290) [junit-4.12.jar:4.12]
	at org.junit.runners.ParentRunner$1.schedule(ParentRunner.java:71) [junit-4.12.jar:4.12]
	at org.junit.runners.ParentRunner.runChildren(ParentRunner.java:288) [junit-4.12.jar:4.12]
	at org.junit.runners.ParentRunner.access$000(ParentRunner.java:58) [junit-4.12.jar:4.12]
	at org.junit.runners.ParentRunner$2.evaluate(ParentRunner.java:268) [junit-4.12.jar:4.12]
	at org.junit.runners.ParentRunner.run(ParentRunner.java:363) [junit-4.12.jar:4.12]
	at org.junit.runner.JUnitCore.run(JUnitCore.java:137) [junit-4.12.jar:4.12]
	at com.intellij.junit4.JUnit4IdeaTestRunner.startRunnerWithArgs(JUnit4IdeaTestRunner.java:68) [junit-rt.jar:?]
	at com.intellij.rt.execution.junit.IdeaTestRunner$Repeater.startRunnerWithArgs(IdeaTestRunner.java:51) [junit-rt.jar:?]
	at com.intellij.rt.execution.junit.JUnitStarter.prepareStreamsAndStart(JUnitStarter.java:242) [junit-rt.jar:?]
	at com.intellij.rt.execution.junit.JUnitStarter.main(JUnitStarter.java:70) [junit-rt.jar:?]
2017-06-01 10:52:11,716 WARN c.e.t.k.q.u.InputDataValidator [main] Some strings contains invalid data.
2017-06-01 10:52:25,483 ERROR c.e.t.k.q.u.InputDataReader [main] IO Exception
java.nio.file.NoSuchFileException: doesn'tExist.txt
	at sun.nio.fs.WindowsException.translateToIOException(WindowsException.java:79) ~[?:1.8.0_121]
	at sun.nio.fs.WindowsException.rethrowAsIOException(WindowsException.java:97) ~[?:1.8.0_121]
	at sun.nio.fs.WindowsException.rethrowAsIOException(WindowsException.java:102) ~[?:1.8.0_121]
	at sun.nio.fs.WindowsFileSystemProvider.newByteChannel(WindowsFileSystemProvider.java:230) ~[?:1.8.0_121]
	at java.nio.file.Files.newByteChannel(Files.java:361) ~[?:1.8.0_121]
	at java.nio.file.Files.newByteChannel(Files.java:407) ~[?:1.8.0_121]
	at java.nio.file.spi.FileSystemProvider.newInputStream(FileSystemProvider.java:384) ~[?:1.8.0_121]
	at java.nio.file.Files.newInputStream(Files.java:152) ~[?:1.8.0_121]
	at java.nio.file.Files.newBufferedReader(Files.java:2784) ~[?:1.8.0_121]
	at java.nio.file.Files.lines(Files.java:3744) ~[?:1.8.0_121]
	at com.epam.training.klimov.quadrangle.util.InputDataReader.readDataFromFile(InputDataReader.java:22) [classes/:?]
	at com.epam.training.klimov.quadrangle.util.InputDataReaderTest.setWrongFilePath(InputDataReaderTest.java:30) [test-classes/:?]
	at sun.reflect.NativeMethodAccessorImpl.invoke0(Native Method) ~[?:1.8.0_121]
	at sun.reflect.NativeMethodAccessorImpl.invoke(NativeMethodAccessorImpl.java:62) ~[?:1.8.0_121]
	at sun.reflect.DelegatingMethodAccessorImpl.invoke(DelegatingMethodAccessorImpl.java:43) ~[?:1.8.0_121]
	at java.lang.reflect.Method.invoke(Method.java:498) ~[?:1.8.0_121]
	at org.junit.runners.model.FrameworkMethod$1.runReflectiveCall(FrameworkMethod.java:50) [junit-4.12.jar:4.12]
	at org.junit.internal.runners.model.ReflectiveCallable.run(ReflectiveCallable.java:12) [junit-4.12.jar:4.12]
	at org.junit.runners.model.FrameworkMethod.invokeExplosively(FrameworkMethod.java:47) [junit-4.12.jar:4.12]
	at org.junit.internal.runners.statements.InvokeMethod.evaluate(InvokeMethod.java:17) [junit-4.12.jar:4.12]
	at org.junit.internal.runners.statements.ExpectException.evaluate(ExpectException.java:19) [junit-4.12.jar:4.12]
	at org.junit.runners.ParentRunner.runLeaf(ParentRunner.java:325) [junit-4.12.jar:4.12]
	at org.junit.runners.BlockJUnit4ClassRunner.runChild(BlockJUnit4ClassRunner.java:78) [junit-4.12.jar:4.12]
	at org.junit.runners.BlockJUnit4ClassRunner.runChild(BlockJUnit4ClassRunner.java:57) [junit-4.12.jar:4.12]
	at org.junit.runners.ParentRunner$3.run(ParentRunner.java:290) [junit-4.12.jar:4.12]
	at org.junit.runners.ParentRunner$1.schedule(ParentRunner.java:71) [junit-4.12.jar:4.12]
	at org.junit.runners.ParentRunner.runChildren(ParentRunner.java:288) [junit-4.12.jar:4.12]
	at org.junit.runners.ParentRunner.access$000(ParentRunner.java:58) [junit-4.12.jar:4.12]
	at org.junit.runners.ParentRunner$2.evaluate(ParentRunner.java:268) [junit-4.12.jar:4.12]
	at org.junit.runners.ParentRunner.run(ParentRunner.java:363) [junit-4.12.jar:4.12]
	at org.junit.runners.Suite.runChild(Suite.java:128) [junit-4.12.jar:4.12]
	at org.junit.runners.Suite.runChild(Suite.java:27) [junit-4.12.jar:4.12]
	at org.junit.runners.ParentRunner$3.run(ParentRunner.java:290) [junit-4.12.jar:4.12]
	at org.junit.runners.ParentRunner$1.schedule(ParentRunner.java:71) [junit-4.12.jar:4.12]
	at org.junit.runners.ParentRunner.runChildren(ParentRunner.java:288) [junit-4.12.jar:4.12]
	at org.junit.runners.ParentRunner.access$000(ParentRunner.java:58) [junit-4.12.jar:4.12]
	at org.junit.runners.ParentRunner$2.evaluate(ParentRunner.java:268) [junit-4.12.jar:4.12]
	at org.junit.runners.ParentRunner.run(ParentRunner.java:363) [junit-4.12.jar:4.12]
	at org.junit.runner.JUnitCore.run(JUnitCore.java:137) [junit-4.12.jar:4.12]
	at com.intellij.junit4.JUnit4IdeaTestRunner.startRunnerWithArgs(JUnit4IdeaTestRunner.java:68) [junit-rt.jar:?]
	at com.intellij.rt.execution.junit.IdeaTestRunner$Repeater.startRunnerWithArgs(IdeaTestRunner.java:51) [junit-rt.jar:?]
	at com.intellij.rt.execution.junit.JUnitStarter.prepareStreamsAndStart(JUnitStarter.java:242) [junit-rt.jar:?]
	at com.intellij.rt.execution.junit.JUnitStarter.main(JUnitStarter.java:70) [junit-rt.jar:?]
2017-06-01 10:53:25,356 WARN c.e.t.k.q.u.InputDataValidator [main] Some strings contains invalid data.
2017-06-02 20:11:39,333 WARN c.e.t.k.q.c.QuadrangleCreator [main] Quadrangle cannot be created.
2017-06-02 20:11:39,333 WARN c.e.t.k.q.c.QuadrangleCreator [main] Quadrangle cannot be created.
2017-06-02 20:11:39,343 WARN c.e.t.k.q.c.QuadrangleCreator [main] Quadrangle cannot be created.
2017-06-02 20:11:39,343 WARN c.e.t.k.q.c.QuadrangleCreator [main] Quadrangle cannot be created.
2017-06-02 20:11:39,353 WARN c.e.t.k.q.u.InputDataValidator [main] Some strings contains invalid data.
2017-06-02 20:13:00,765 WARN c.e.t.k.q.c.QuadrangleCreator [main] Quadrangle cannot be created.
2017-06-02 20:13:00,765 WARN c.e.t.k.q.c.QuadrangleCreator [main] Quadrangle cannot be created.
2017-06-02 20:13:00,775 WARN c.e.t.k.q.c.QuadrangleCreator [main] Quadrangle cannot be created.
2017-06-02 20:13:00,775 WARN c.e.t.k.q.c.QuadrangleCreator [main] Quadrangle cannot be created.
2017-06-02 20:13:00,775 WARN c.e.t.k.q.u.InputDataValidator [main] Some strings contains invalid data.
2017-06-02 20:13:57,296 WARN c.e.t.k.q.c.QuadrangleCreator [main] Quadrangle cannot be created.
2017-06-02 20:13:57,306 WARN c.e.t.k.q.c.QuadrangleCreator [main] Quadrangle cannot be created.
2017-06-02 20:13:57,316 WARN c.e.t.k.q.c.QuadrangleCreator [main] Quadrangle cannot be created.
2017-06-02 20:13:57,316 WARN c.e.t.k.q.c.QuadrangleCreator [main] Quadrangle cannot be created.
2017-06-02 20:13:57,316 WARN c.e.t.k.q.u.InputDataValidator [main] Some strings contains invalid data.
2017-06-02 20:17:25,665 WARN c.e.t.k.q.c.QuadrangleCreator [main] Quadrangle cannot be created.
2017-06-02 20:17:50,803 WARN c.e.t.k.q.c.QuadrangleCreator [main] Quadrangle cannot be created.
2017-06-02 20:18:59,979 WARN c.e.t.k.q.c.QuadrangleCreator [main] Quadrangle cannot be created.
2017-06-02 20:19:45,865 WARN c.e.t.k.q.c.QuadrangleCreator [main] Quadrangle cannot be created.
2017-06-02 20:19:45,865 WARN c.e.t.k.q.c.QuadrangleCreator [main] Quadrangle cannot be created.
2017-06-02 20:19:45,875 WARN c.e.t.k.q.c.QuadrangleCreator [main] Quadrangle cannot be created.
2017-06-02 20:19:45,875 WARN c.e.t.k.q.c.QuadrangleCreator [main] Quadrangle cannot be created.
2017-06-02 20:19:45,875 WARN c.e.t.k.q.u.InputDataValidator [main] Some strings contains invalid data.
2017-06-02 20:27:12,288 WARN c.e.t.k.q.c.QuadrangleCreator [main] Quadrangle cannot be created.
2017-06-02 20:27:20,075 WARN c.e.t.k.q.u.InputDataValidator [main] Some strings contains invalid data.
2017-06-02 20:27:34,074 WARN c.e.t.k.q.u.InputDataValidator [main] Some strings contains invalid data.
2017-06-02 20:27:58,775 WARN c.e.t.k.q.u.InputDataValidator [main] Some strings contains invalid data.
2017-06-02 20:28:55,196 WARN c.e.t.k.q.c.QuadrangleCreator [main] Quadrangle cannot be created.
2017-06-02 20:30:16,009 WARN c.e.t.k.q.c.QuadrangleCreator [main] Quadrangle cannot be created.
2017-06-02 20:30:45,852 WARN c.e.t.k.q.c.QuadrangleCreator [main] Quadrangle cannot be created.
2017-06-02 20:30:45,852 WARN c.e.t.k.q.c.QuadrangleCreator [main] Quadrangle cannot be created.
2017-06-02 20:30:45,852 WARN c.e.t.k.q.u.InputDataValidator [main] Some strings contains invalid data.
2017-06-02 20:52:36,808 WARN c.e.t.k.q.c.QuadrangleCreator [main] Quadrangle cannot be created.
2017-06-02 20:52:36,808 WARN c.e.t.k.q.c.QuadrangleCreator [main] Quadrangle cannot be created.
2017-06-02 20:52:36,808 WARN c.e.t.k.q.u.InputDataValidator [main] Some strings contains invalid data.
2017-06-02 21:23:58,954 WARN c.e.t.k.q.u.InputDataValidator [main] Some strings contains invalid data.
2017-06-02 21:23:58,954 WARN c.e.t.k.q.u.InputDataValidator [main] Some strings contains invalid data.
2017-06-02 21:24:58,966 WARN c.e.t.k.q.u.InputDataValidator [main] Some strings contains invalid data.
2017-06-02 21:24:58,976 WARN c.e.t.k.q.u.InputDataValidator [main] Some strings contains invalid data.
2017-06-02 21:25:16,421 WARN c.e.t.k.q.u.InputDataValidator [main] Some strings contains invalid data.
2017-06-02 21:25:16,421 WARN c.e.t.k.q.u.InputDataValidator [main] Some strings contains invalid data.
2017-06-02 21:25:28,131 WARN c.e.t.k.q.u.InputDataValidator [main] Some strings contains invalid data.
2017-06-02 21:25:28,151 WARN c.e.t.k.q.u.InputDataValidator [main] Some strings contains invalid data.
2017-06-02 21:26:02,623 WARN c.e.t.k.q.u.InputDataValidator [main] Some strings contains invalid data.
2017-06-02 21:26:02,633 WARN c.e.t.k.q.u.InputDataValidator [main] Some strings contains invalid data.
2017-06-02 21:26:58,724 WARN c.e.t.k.q.u.InputDataValidator [main] Some strings contains invalid data.
2017-06-02 21:26:58,724 WARN c.e.t.k.q.u.InputDataValidator [main] Some strings contains invalid data.
2017-06-02 21:29:13,071 WARN c.e.t.k.q.u.InputDataValidator [main] Some strings contains invalid data.
2017-06-02 21:29:13,071 WARN c.e.t.k.q.u.InputDataValidator [main] Some strings contains invalid data.
2017-06-02 21:29:39,904 WARN c.e.t.k.q.u.InputDataValidator [main] Some strings contains invalid data.
2017-06-02 21:29:39,914 WARN c.e.t.k.q.u.InputDataValidator [main] Some strings contains invalid data.
2017-06-02 21:31:10,055 WARN c.e.t.k.q.u.InputDataValidator [main] Some strings contains invalid data.
2017-06-02 21:31:10,055 WARN c.e.t.k.q.u.InputDataValidator [main] Some strings contains invalid data.
2017-06-02 21:32:36,172 WARN c.e.t.k.q.u.InputDataValidator [main] Some strings contains invalid data.
2017-06-02 21:32:36,172 WARN c.e.t.k.q.u.InputDataValidator [main] Some strings contains invalid data.
2017-06-02 21:32:45,212 WARN c.e.t.k.q.u.InputDataValidator [main] Some strings contains invalid data.
2017-06-02 21:32:45,212 WARN c.e.t.k.q.u.InputDataValidator [main] Some strings contains invalid data.
2017-06-02 21:35:08,694 WARN c.e.t.k.q.u.InputDataValidator [main] Some strings contains invalid data.
2017-06-02 21:35:08,694 WARN c.e.t.k.q.u.InputDataValidator [main] Some strings contains invalid data.
2017-06-02 21:35:18,608 WARN c.e.t.k.q.u.InputDataValidator [main] Some strings contains invalid data.
2017-06-02 21:35:18,618 WARN c.e.t.k.q.u.InputDataValidator [main] Some strings contains invalid data.
2017-06-02 21:41:08,926 WARN c.e.t.k.q.u.InputDataValidator [main] Some strings contains invalid data.
2017-06-02 21:41:08,926 WARN c.e.t.k.q.u.InputDataValidator [main] Some strings contains invalid data.
2017-06-02 21:42:11,082 WARN c.e.t.k.q.u.InputDataValidator [main] Some strings contains invalid data.
2017-06-02 21:42:11,082 WARN c.e.t.k.q.u.InputDataValidator [main] Some strings contains invalid data.
2017-06-02 21:44:56,480 WARN c.e.t.k.q.u.InputDataValidator [main] Some strings contains invalid data.
2017-06-02 21:44:56,490 WARN c.e.t.k.q.u.InputDataValidator [main] Some strings contains invalid data.
2017-06-02 21:45:40,828 WARN c.e.t.k.q.u.InputDataValidator [main] Some strings contains invalid data.
2017-06-02 21:45:40,828 WARN c.e.t.k.q.u.InputDataValidator [main] Some strings contains invalid data.
2017-06-02 21:46:01,271 WARN c.e.t.k.q.u.InputDataValidator [main] Some strings contains invalid data.
2017-06-02 21:46:01,271 WARN c.e.t.k.q.u.InputDataValidator [main] Some strings contains invalid data.
2017-06-02 21:46:03,446 WARN c.e.t.k.q.u.InputDataValidator [main] Some strings contains invalid data.
2017-06-02 21:46:03,446 WARN c.e.t.k.q.u.InputDataValidator [main] Some strings contains invalid data.
2017-06-02 21:46:29,840 WARN c.e.t.k.q.u.InputDataValidator [main] Some strings contains invalid data.
2017-06-02 21:46:29,840 WARN c.e.t.k.q.u.InputDataValidator [main] Some strings contains invalid data.
2017-06-02 21:47:23,377 WARN c.e.t.k.q.u.InputDataValidator [main] Some strings contains invalid data.
2017-06-02 21:47:23,377 WARN c.e.t.k.q.u.InputDataValidator [main] Some strings contains invalid data.
2017-06-02 21:47:23,377 WARN c.e.t.k.q.c.QuadrangleCreator [main] Quadrangle cannot be created.
2017-06-02 21:55:08,306 WARN c.e.t.k.q.u.InputDataValidator [main] Some strings contains invalid data.
2017-06-02 21:55:08,306 WARN c.e.t.k.q.u.InputDataValidator [main] Some strings contains invalid data.
2017-06-02 21:55:08,316 WARN c.e.t.k.q.c.QuadrangleCreator [main] Quadrangle cannot be created.
2017-06-02 21:55:49,545 WARN c.e.t.k.q.u.InputDataValidator [main] Some strings contains invalid data.
2017-06-02 21:55:49,555 WARN c.e.t.k.q.u.InputDataValidator [main] Some strings contains invalid data.
2017-06-02 21:55:55,311 WARN c.e.t.k.q.c.QuadrangleCreator [main] Quadrangle cannot be created.
2017-06-02 21:56:31,404 WARN c.e.t.k.q.u.InputDataValidator [main] Some strings contains invalid data.
2017-06-02 21:56:31,404 WARN c.e.t.k.q.u.InputDataValidator [main] Some strings contains invalid data.
2017-06-02 21:57:36,777 WARN c.e.t.k.q.c.QuadrangleCreator [main] Quadrangle cannot be created.
2017-06-02 21:57:38,410 WARN c.e.t.k.q.u.InputDataValidator [main] Some strings contains invalid data.
2017-06-02 21:57:38,420 WARN c.e.t.k.q.u.InputDataValidator [main] Some strings contains invalid data.
2017-06-02 21:58:13,331 WARN c.e.t.k.q.c.QuadrangleCreator [main] Quadrangle cannot be created.
2017-06-02 21:58:51,632 WARN c.e.t.k.q.u.InputDataValidator [main] Some strings contains invalid data.
2017-06-02 21:58:51,632 WARN c.e.t.k.q.u.InputDataValidator [main] Some strings contains invalid data.
2017-06-02 22:02:04,147 WARN c.e.t.k.q.c.QuadrangleCreator [main] Quadrangle cannot be created.
2017-06-02 22:02:04,147 WARN c.e.t.k.q.c.QuadrangleCreator [main] Quadrangle cannot be created.
2017-06-02 22:02:04,147 WARN c.e.t.k.q.u.InputDataValidator [main] Some strings contains invalid data.
2017-06-02 22:02:04,147 WARN c.e.t.k.q.u.InputDataValidator [main] Some strings contains invalid data.
2017-06-02 22:02:04,147 WARN c.e.t.k.q.u.InputDataValidator [main] Some strings contains invalid data.
2017-06-02 22:02:43,001 WARN c.e.t.k.q.c.QuadrangleCreator [main] Quadrangle cannot be created.
2017-06-02 22:02:43,001 WARN c.e.t.k.q.c.QuadrangleCreator [main] Quadrangle cannot be created.
2017-06-02 22:02:43,001 WARN c.e.t.k.q.u.InputDataValidator [main] Some strings contains invalid data.
2017-06-02 22:02:43,001 WARN c.e.t.k.q.u.InputDataValidator [main] Some strings contains invalid data.
2017-06-02 22:02:43,001 WARN c.e.t.k.q.u.InputDataValidator [main] Some strings contains invalid data.
